<?xml version="1.0" encoding="UTF-8"?>
<!-- Generated by org.testng.reporters.JUnitReportReporter -->
<testsuite hostname="ADMIN-PC" failures="0" tests="3" name="Practise.DataProviderEx3" time="51.744" errors="0" timestamp="2024-06-20T11:33:18 IST" skipped="0">
  <testcase classname="Practise.DataProviderEx3" name="data" time="17.255"/>
  <system-out/>
  <testcase classname="Practise.DataProviderEx3" name="data" time="17.631"/>
  <system-out/>
  <testcase classname="Practise.DataProviderEx3" name="data" time="16.858"/>
  <system-out/>
</testsuite> <!-- Practise.DataProviderEx3 -->
