<?xml version="1.0" encoding="UTF-8"?>
<!-- Generated by org.testng.reporters.JUnitReportReporter -->
<testsuite hostname="ADMIN-PC" failures="0" tests="1" name="Generic_Utilities.BaseClass" time="0.006" errors="0" timestamp="2024-06-18T11:35:37 IST" skipped="0">
  <testcase classname="Generic_Utilities.BaseClass" name="TC01" time="0.006"/>
  <system-out/>
</testsuite> <!-- Generic_Utilities.BaseClass -->
