<?xml version="1.0" encoding="UTF-8"?>
<!-- Generated by org.testng.reporters.JUnitReportReporter -->
<testsuite hostname="ADMIN-PC" failures="0" tests="1" name="Campaign.CreateCampaign" time="44.646" errors="0" timestamp="2024-07-01T10:24:45 IST" skipped="0">
  <testcase classname="Campaign.CreateCampaign" name="CreateCampaign" time="44.646"/>
  <system-out/>
</testsuite> <!-- Campaign.CreateCampaign -->
