<?xml version="1.0" encoding="UTF-8"?>
<!-- Generated by org.testng.reporters.JUnitReportReporter -->
<testsuite hostname="ADMIN-PC" failures="0" tests="3" name="Practise.BookTicket" time="0.007" errors="0" timestamp="2024-06-20T10:37:11 IST" skipped="0">
  <testcase classname="Practise.BookTicket" name="bookTicketTest" time="0.005"/>
  <system-out/>
  <testcase classname="Practise.BookTicket" name="bookTicketTest" time="0.001"/>
  <system-out/>
  <testcase classname="Practise.BookTicket" name="bookTicketTest" time="0.001"/>
  <system-out/>
</testsuite> <!-- Practise.BookTicket -->
