<?xml version="1.0" encoding="UTF-8"?>
<!-- Generated by org.testng.reporters.JUnitReportReporter -->
<testsuite hostname="ADMIN-PC" failures="0" tests="3" name="Practise.BasicTestNG" time="0.010" errors="0" timestamp="2024-06-18T10:29:51 IST" skipped="0">
  <testcase classname="Practise.BasicTestNG" name="modifyProduct" time="0.002"/>
  <testcase classname="Practise.BasicTestNG" name="createProduct" time="0.008"/>
  <testcase classname="Practise.BasicTestNG" name="deleteProduct" time="0.000"/>
</testsuite> <!-- Practise.BasicTestNG -->
