<?xml version="1.0" encoding="UTF-8"?>
<!-- Generated by org.testng.reporters.JUnitReportReporter -->
<testsuite hostname="ADMIN-PC" failures="0" tests="1" name="Product.CreateProductandDeletePrd" time="31.610" errors="0" timestamp="2024-06-21T11:02:14 IST" skipped="0">
  <testcase classname="Product.CreateProductandDeletePrd" name="CreateProductandDeletePrd" time="31.610"/>
  <system-out/>
</testsuite> <!-- Product.CreateProductandDeletePrd -->
