<?xml version="1.0" encoding="UTF-8"?>
<!-- Generated by org.testng.reporters.JUnitReportReporter -->
<testsuite hostname="ADMIN-PC" failures="0" tests="1" name="TestNG.DataProviderEx4" time="0.000" errors="0" timestamp="2024-06-28T18:32:46 IST" skipped="1">
  <testcase classname="TestNG.DataProviderEx4" name="data" time="0.000">
    <skipped/>
  </testcase> <!-- data -->
  <system-out/>
</testsuite> <!-- TestNG.DataProviderEx4 -->
