<?xml version="1.0" encoding="UTF-8"?>
<!-- Generated by org.testng.reporters.JUnitReportReporter -->
<testsuite hostname="ADMIN-PC" failures="0" tests="3" name="TestNG.DataProviderEx3" time="52.762" errors="0" timestamp="2024-06-28T18:32:19 IST" skipped="0">
  <testcase classname="TestNG.DataProviderEx3" name="data" time="18.265"/>
  <system-out/>
  <testcase classname="TestNG.DataProviderEx3" name="data" time="17.091"/>
  <system-out/>
  <testcase classname="TestNG.DataProviderEx3" name="data" time="17.406"/>
  <system-out/>
</testsuite> <!-- TestNG.DataProviderEx3 -->
